0 info it worked if it ends with ok
1 verbose cli [ 'node',
1 verbose cli   '/Users/evan/.nvm/versions/v0.12.0/bin/npm',
1 verbose cli   'run',
1 verbose cli   'dev' ]
2 info using npm@2.6.1
3 info using node@v0.12.0
4 verbose run-script [ 'predev', 'dev', 'postdev' ]
5 info predev echo-suggest@0.0.1
6 info dev echo-suggest@0.0.1
7 verbose unsafe-perm in lifecycle true
8 info echo-suggest@0.0.1 Failed to exec dev script
9 verbose stack Error: echo-suggest@0.0.1 dev: `NODE_ENV=development DEBUG='*' node server`
9 verbose stack Exit status 1
9 verbose stack     at EventEmitter.<anonymous> (/Users/evan/.nvm/versions/v0.12.0/lib/node_modules/npm/lib/utils/lifecycle.js:213:16)
9 verbose stack     at EventEmitter.emit (events.js:110:17)
9 verbose stack     at ChildProcess.<anonymous> (/Users/evan/.nvm/versions/v0.12.0/lib/node_modules/npm/lib/utils/spawn.js:14:12)
9 verbose stack     at ChildProcess.emit (events.js:110:17)
9 verbose stack     at maybeClose (child_process.js:1008:16)
9 verbose stack     at Process.ChildProcess._handle.onexit (child_process.js:1080:5)
10 verbose pkgid echo-suggest@0.0.1
11 verbose cwd /Users/evan/crashcourses/react/echo-suggest
12 error Darwin 14.1.0
13 error argv "node" "/Users/evan/.nvm/versions/v0.12.0/bin/npm" "run" "dev"
14 error node v0.12.0
15 error npm  v2.6.1
16 error code ELIFECYCLE
17 error echo-suggest@0.0.1 dev: `NODE_ENV=development DEBUG='*' node server`
17 error Exit status 1
18 error Failed at the echo-suggest@0.0.1 dev script 'NODE_ENV=development DEBUG='*' node server'.
18 error This is most likely a problem with the echo-suggest package,
18 error not with npm itself.
18 error Tell the author that this fails on your system:
18 error     NODE_ENV=development DEBUG='*' node server
18 error You can get their info via:
18 error     npm owner ls echo-suggest
18 error There is likely additional logging output above.
19 verbose exit [ 1, true ]
